mode: set
github.com/mister-webhooks/mister-webhooks-client/cmd/main.go:14.13,20.42 4 0
github.com/mister-webhooks/mister-webhooks-client/cmd/main.go:20.42,25.3 4 0
github.com/mister-webhooks/mister-webhooks-client/cmd/main.go:27.2,29.16 2 0
github.com/mister-webhooks/mister-webhooks-client/cmd/main.go:29.16,31.3 1 0
github.com/mister-webhooks/mister-webhooks-client/cmd/main.go:33.2,38.16 2 0
github.com/mister-webhooks/mister-webhooks-client/cmd/main.go:38.16,40.3 1 0
github.com/mister-webhooks/mister-webhooks-client/cmd/main.go:42.2,42.118 1 0
github.com/mister-webhooks/mister-webhooks-client/cmd/main.go:42.118,45.3 2 0
github.com/mister-webhooks/mister-webhooks-client/cmd/main.go:47.2,47.16 1 0
github.com/mister-webhooks/mister-webhooks-client/cmd/main.go:47.16,49.3 1 0
github.com/mister-webhooks/mister-webhooks-client/client/connection_profile.go:36.69,50.16 3 1
github.com/mister-webhooks/mister-webhooks-client/client/connection_profile.go:50.16,52.3 1 0
github.com/mister-webhooks/mister-webhooks-client/client/connection_profile.go:54.2,58.16 3 1
github.com/mister-webhooks/mister-webhooks-client/client/connection_profile.go:58.16,60.3 1 0
github.com/mister-webhooks/mister-webhooks-client/client/connection_profile.go:62.2,62.49 1 1
github.com/mister-webhooks/mister-webhooks-client/client/connection_profile.go:62.49,64.3 1 0
github.com/mister-webhooks/mister-webhooks-client/client/connection_profile.go:66.2,68.26 2 1
github.com/mister-webhooks/mister-webhooks-client/client/connection_profile.go:69.15,73.4 1 1
github.com/mister-webhooks/mister-webhooks-client/client/connection_profile.go:74.10,75.85 1 0
github.com/mister-webhooks/mister-webhooks-client/client/connection_profile.go:78.2,80.39 2 1
github.com/mister-webhooks/mister-webhooks-client/client/connection_profile.go:80.39,83.17 2 1
github.com/mister-webhooks/mister-webhooks-client/client/connection_profile.go:83.17,85.4 1 0
github.com/mister-webhooks/mister-webhooks-client/client/connection_profile.go:87.3,87.36 1 1
github.com/mister-webhooks/mister-webhooks-client/client/connection_profile.go:90.2,96.50 2 1
github.com/mister-webhooks/mister-webhooks-client/client/connection_profile.go:96.50,98.3 1 0
github.com/mister-webhooks/mister-webhooks-client/client/connection_profile.go:100.2,100.24 1 1
github.com/mister-webhooks/mister-webhooks-client/client/consumer.go:18.99,32.2 2 0
github.com/mister-webhooks/mister-webhooks-client/client/consumer.go:34.106,40.2 2 1
github.com/mister-webhooks/mister-webhooks-client/client/consumer.go:44.118,45.119 1 1
github.com/mister-webhooks/mister-webhooks-client/client/consumer.go:45.119,46.38 1 1
github.com/mister-webhooks/mister-webhooks-client/client/consumer.go:46.38,49.4 1 1
github.com/mister-webhooks/mister-webhooks-client/client/consumer.go:51.3,51.39 1 1
github.com/mister-webhooks/mister-webhooks-client/client/consumer.go:51.39,52.84 1 0
github.com/mister-webhooks/mister-webhooks-client/client/consumer.go:55.3,60.5 1 1
github.com/mister-webhooks/mister-webhooks-client/client/topic.go:17.69,21.2 1 1
github.com/mister-webhooks/mister-webhooks-client/client/topic.go:23.89,25.101 1 1
github.com/mister-webhooks/mister-webhooks-client/client/topic.go:25.101,29.34 3 1
github.com/mister-webhooks/mister-webhooks-client/client/topic.go:29.34,30.32 1 1
github.com/mister-webhooks/mister-webhooks-client/client/topic.go:30.32,33.10 3 1
github.com/mister-webhooks/mister-webhooks-client/client/topic.go:37.3,37.10 1 1
github.com/mister-webhooks/mister-webhooks-client/client/topic.go:37.10,39.4 1 1
github.com/mister-webhooks/mister-webhooks-client/client/topic.go:42.3,42.26 1 1
github.com/mister-webhooks/mister-webhooks-client/client/topic.go:42.26,46.4 1 1
github.com/mister-webhooks/mister-webhooks-client/client/topic.go:49.3,49.23 1 1
github.com/mister-webhooks/mister-webhooks-client/client/topic.go:50.13,55.18 4 1
github.com/mister-webhooks/mister-webhooks-client/client/topic.go:55.18,57.5 1 1
github.com/mister-webhooks/mister-webhooks-client/client/topic.go:59.4,59.24 1 1
github.com/mister-webhooks/mister-webhooks-client/client/topic.go:60.16,61.58 1 1
github.com/mister-webhooks/mister-webhooks-client/client/topic.go:61.58,63.6 1 1
github.com/mister-webhooks/mister-webhooks-client/client/topic.go:64.16,65.58 1 1
github.com/mister-webhooks/mister-webhooks-client/client/topic.go:65.58,67.6 1 1
github.com/mister-webhooks/mister-webhooks-client/client/topic.go:70.4,80.10 1 1
github.com/mister-webhooks/mister-webhooks-client/client/topic.go:81.11,82.117 1 1
github.com/mister-webhooks/mister-webhooks-client/client/topic.go:86.2,86.51 1 1
github.com/mister-webhooks/mister-webhooks-client/client/types.go:67.37,70.16 2 1
github.com/mister-webhooks/mister-webhooks-client/client/types.go:70.16,71.29 1 1
github.com/mister-webhooks/mister-webhooks-client/client/types.go:71.29,73.4 1 1
github.com/mister-webhooks/mister-webhooks-client/client/types.go:75.3,75.61 1 1
github.com/mister-webhooks/mister-webhooks-client/client/types.go:78.2,78.45 1 1
github.com/mister-webhooks/mister-webhooks-client/client/types.go:81.55,82.22 1 1
github.com/mister-webhooks/mister-webhooks-client/client/types.go:83.13,84.21 1 1
github.com/mister-webhooks/mister-webhooks-client/client/types.go:85.14,86.22 1 1
github.com/mister-webhooks/mister-webhooks-client/client/types.go:87.14,88.22 1 1
github.com/mister-webhooks/mister-webhooks-client/client/types.go:89.13,90.21 1 1
github.com/mister-webhooks/mister-webhooks-client/client/types.go:91.16,92.24 1 1
github.com/mister-webhooks/mister-webhooks-client/client/types.go:93.15,94.23 1 1
github.com/mister-webhooks/mister-webhooks-client/client/types.go:95.10,97.53 2 1
github.com/mister-webhooks/mister-webhooks-client/client/types.go:100.2,100.12 1 1
github.com/mister-webhooks/mister-webhooks-client/client/types.go:103.51,104.11 1 1
github.com/mister-webhooks/mister-webhooks-client/client/types.go:105.21,106.28 1 1
github.com/mister-webhooks/mister-webhooks-client/client/types.go:107.22,108.29 1 1
github.com/mister-webhooks/mister-webhooks-client/client/types.go:109.22,110.29 1 1
github.com/mister-webhooks/mister-webhooks-client/client/types.go:111.21,112.28 1 1
github.com/mister-webhooks/mister-webhooks-client/client/types.go:113.24,114.31 1 1
github.com/mister-webhooks/mister-webhooks-client/client/types.go:115.23,116.30 1 1
github.com/mister-webhooks/mister-webhooks-client/client/types.go:117.10,118.65 1 1
